     1                                  ;================================================
     2                                  ;                        (c) Rustam4ik, 2029 - 7
     3                                  ;================================================
     4                                  
     5                                  extern  UnitTesting
     6                                  
     7                                  ;================================================
     8                                  
     9                                  section .text 
    10                                  
    11                                  ;====================Macro=======================
    12                                  
    13                                  ;-------------------.EXIT------------------------
    14                                  
    15                                  %macro      .EXIT 0                 
    16                                                                          ; terminates programm
    17                                              xor rdi, rdi                ; exit code 0
    18                                              mov rax, 03Ch               ; exit
    19                                              syscall                 
    20                                  %endmacro
    21                                  
    22                                  ;------------------------------------------------
    23                                  
    24                                  ;================================================
    25                                  
    26                                  section .text 
    27                                  
    28                                  ;==================Main=Body=====================
    29                                  
    30                                  global _start
    31                                  
    32                                  _start:     
    33 00000000 E8(00000000)                    call UnitTesting
    34                                          .EXIT
    34                              <1> 
    34 00000005 4831FF              <1>  xor rdi, rdi
    34 00000008 B83C000000          <1>  mov rax, 03Ch
    34 0000000D 0F05                <1>  syscall
    35                                  
    36                                  ;================================================
    37                                  
    38                                  
    39                                  
    40                                  
